                house_agent                                        Trying to use intention PostmanAcceptAllRequest to achieve goal Postman#0
                house_agent>PostmanAcceptAllRequest#0              Intention started
                mopbot                                             Trying to use intention PostmanAcceptAllRequest to achieve goal Postman#1
                mopbot>PostmanAcceptAllRequest#1                   Intention started
                vacuum_cleaner                                     Trying to use intention PostmanAcceptAllRequest to achieve goal Postman#2
                vacuum_cleaner>PostmanAcceptAllRequest#2           Intention started
                vacuum_cleaner                                     Trying to use intention LearnHouseIntention to achieve goal LearnHouseGoal#3
                vacuum_cleaner>LearnHouseIntention#3               Intention started
                vacuum VacuumCleaner                               move kitchen living_room
                house House                                        set random rooms dirty
                mopbot                                             Belief changed: in kitchen
                mopbot                                             Belief changed: full_battery
                mopbot                                             Belief changed: not zero_battery
                vacuum_cleaner                                     Belief changed: in kitchen
                vacuum_cleaner                                     Belief changed: full_battery
                vacuum_cleaner                                     Belief changed: not zero_battery
                vacuum_cleaner                                     Belief changed: door kitchen living_room
                vacuum_cleaner                                     Belief changed: door living_room kitchen
                vacuum_cleaner                                     Belief changed: not in kitchen
                vacuum_cleaner                                     Belief changed: in living_room
                vacuum VacuumCleaner                               move living_room hallway
                vacuum_cleaner                                     Belief changed: door living_room hallway
                vacuum_cleaner                                     Belief changed: door hallway living_room
                vacuum_cleaner                                     Belief changed: not in living_room
                vacuum_cleaner                                     Belief changed: in hallway
                vacuum VacuumCleaner                               move hallway bathroom_0
                vacuum_cleaner                                     Belief changed: door hallway bathroom_0
                vacuum_cleaner                                     Belief changed: door bathroom_0 hallway
                vacuum_cleaner                                     Belief changed: not in hallway
                vacuum_cleaner                                     Belief changed: in bathroom_0
                vacuum VacuumCleaner                               move bathroom_0 hallway
                vacuum VacuumCleaner                               move hallway garage
                vacuum_cleaner                                     Belief changed: not in bathroom_0
                vacuum_cleaner                                     Belief changed: in hallway
                vacuum_cleaner                                     Belief changed: door hallway garage
                vacuum_cleaner                                     Belief changed: door garage hallway
                vacuum_cleaner                                     Belief changed: not in hallway
                vacuum_cleaner                                     Belief changed: in garage
                vacuum VacuumCleaner                               move garage hallway
                vacuum VacuumCleaner                               move hallway stairs
                vacuum_cleaner                                     Belief changed: not in garage
                vacuum_cleaner                                     Belief changed: in hallway
                vacuum_cleaner                                     Belief changed: door hallway stairs
                vacuum_cleaner                                     Belief changed: door stairs hallway
                vacuum_cleaner                                     Belief changed: not in hallway
                vacuum_cleaner                                     Belief changed: in stairs
                vacuum VacuumCleaner                               move stairs hallway_upstairs
                vacuum_cleaner                                     Belief changed: door stairs hallway_upstairs
                vacuum_cleaner                                     Belief changed: door hallway_upstairs stairs
                vacuum_cleaner                                     Belief changed: not in stairs
                vacuum_cleaner                                     Belief changed: in hallway_upstairs
                vacuum VacuumCleaner                               move hallway_upstairs master_bedroom
                vacuum_cleaner                                     Belief changed: door hallway_upstairs master_bedroom
                vacuum_cleaner                                     Belief changed: door master_bedroom hallway_upstairs
                vacuum_cleaner                                     Belief changed: not in hallway_upstairs
                vacuum_cleaner                                     Belief changed: in master_bedroom
                vacuum VacuumCleaner                               move master_bedroom hallway_upstairs
                vacuum VacuumCleaner                               move hallway_upstairs bedroom_0
                vacuum_cleaner                                     Belief changed: not in master_bedroom
                vacuum_cleaner                                     Belief changed: in hallway_upstairs
                vacuum_cleaner                                     Belief changed: door hallway_upstairs bedroom_0
                vacuum_cleaner                                     Belief changed: door bedroom_0 hallway_upstairs
                vacuum_cleaner                                     Belief changed: not in hallway_upstairs
                vacuum_cleaner                                     Belief changed: in bedroom_0
                vacuum VacuumCleaner                               move bedroom_0 hallway_upstairs
                vacuum VacuumCleaner                               move hallway_upstairs bedroom_1
                vacuum_cleaner                                     Belief changed: not in bedroom_0
                vacuum_cleaner                                     Belief changed: in hallway_upstairs
                vacuum_cleaner                                     Belief changed: door hallway_upstairs bedroom_1
                vacuum_cleaner                                     Belief changed: door bedroom_1 hallway_upstairs
                vacuum_cleaner                                     Belief changed: not in hallway_upstairs
                vacuum_cleaner                                     Belief changed: in bedroom_1
                vacuum VacuumCleaner                               move bedroom_1 hallway_upstairs
                vacuum VacuumCleaner                               move hallway_upstairs bathroom_1
                vacuum_cleaner                                     Belief changed: not in bedroom_1
                vacuum_cleaner                                     Belief changed: in hallway_upstairs
                vacuum_cleaner                                     Belief changed: door hallway_upstairs bathroom_1
                vacuum_cleaner                                     Belief changed: door bathroom_1 hallway_upstairs
                vacuum_cleaner                                     Belief changed: not in hallway_upstairs
                vacuum_cleaner                                     Belief changed: in bathroom_1
                vacuum VacuumCleaner                               move bathroom_1 hallway_upstairs
                vacuum_cleaner                                     Belief changed: not in bathroom_1
                vacuum_cleaner                                     Belief changed: in hallway_upstairs
                vacuum VacuumCleaner                               move hallway_upstairs stairs
                vacuum_cleaner                                     Belief changed: not in hallway_upstairs
                vacuum_cleaner                                     Belief changed: in stairs
                vacuum VacuumCleaner                               move stairs hallway
                vacuum VacuumCleaner                               move hallway utility_room
                vacuum_cleaner                                     Belief changed: not in stairs
                vacuum_cleaner                                     Belief changed: in hallway
                vacuum_cleaner                                     Belief changed: door hallway utility_room
                vacuum_cleaner                                     Belief changed: door utility_room hallway
                vacuum_cleaner                                     Belief changed: not in hallway
                vacuum_cleaner                                     Belief changed: in utility_room
                vacuum VacuumCleaner                               move utility_room hallway
                vacuum_cleaner                                     Belief changed: not in utility_room
                vacuum_cleaner                                     Belief changed: in hallway
                vacuum VacuumCleaner                               move hallway living_room
                vacuum_cleaner                                     Belief changed: not in hallway
                vacuum_cleaner                                     Belief changed: in living_room
                vacuum VacuumCleaner                               move living_room kitchen
                vacuum_cleaner                                     Belief changed: not in living_room
                vacuum_cleaner                                     Belief changed: in kitchen
                vacuum_cleaner>LearnHouseIntention#3               Intention success
                vacuum_cleaner                                     Succesfully used intention LearnHouseIntention to achieve goal LearnHouseGoal#3
0:08:30         vacuum_cleaner                                     Trying to use intention VacuumCleaningProcedureIntention to achieve goal VacuumCleaningProcedureGoal#4
                vacuum_cleaner>VacuumCleaningProcedureIntention#4  Intention started
                vacuum_cleaner                                     Trying to use intention AskRoomStatusIntention to achieve goal AskRoomStatusGoal#5
                vacuum_cleaner>AskRoomStatusIntention#5            Intention started
                house_agent>PostmanAcceptAllRequest#0              Reading received message SendRoomStateGoal#9
                house_agent                                        Trying to use intention SendRoomStateIntention to achieve goal SendRoomStateGoal#9
                house_agent>SendRoomStateIntention#6               Intention started
                vacuum_cleaner                                     Belief changed: dirty kitchen
                vacuum_cleaner                                     Belief changed: not clean kitchen
                vacuum_cleaner                                     Belief changed: not sucked kitchen
                vacuum_cleaner                                     Belief changed: not person_in_room kitchen
                vacuum_cleaner                                     Belief changed: dirty living_room
                vacuum_cleaner                                     Belief changed: not clean living_room
                vacuum_cleaner                                     Belief changed: not sucked living_room
                vacuum_cleaner                                     Belief changed: person_in_room living_room
                vacuum_cleaner                                     Belief changed: dirty garage
                vacuum_cleaner                                     Belief changed: not clean garage
                vacuum_cleaner                                     Belief changed: not sucked garage
                vacuum_cleaner                                     Belief changed: not person_in_room garage
                vacuum_cleaner                                     Belief changed: dirty bathroom_0
                vacuum_cleaner                                     Belief changed: not clean bathroom_0
                vacuum_cleaner                                     Belief changed: not sucked bathroom_0
                vacuum_cleaner                                     Belief changed: not person_in_room bathroom_0
                vacuum_cleaner                                     Belief changed: dirty utility_room
                vacuum_cleaner                                     Belief changed: not clean utility_room
                vacuum_cleaner                                     Belief changed: not sucked utility_room
                vacuum_cleaner                                     Belief changed: not person_in_room utility_room
                vacuum_cleaner                                     Belief changed: dirty hallway
                vacuum_cleaner                                     Belief changed: not clean hallway
                vacuum_cleaner                                     Belief changed: not sucked hallway
                vacuum_cleaner                                     Belief changed: not person_in_room hallway
                vacuum_cleaner                                     Belief changed: dirty stairs
                vacuum_cleaner                                     Belief changed: not clean stairs
                vacuum_cleaner                                     Belief changed: not sucked stairs
                vacuum_cleaner                                     Belief changed: not person_in_room stairs
                vacuum_cleaner                                     Belief changed: dirty hallway_upstairs
                vacuum_cleaner                                     Belief changed: not clean hallway_upstairs
                vacuum_cleaner                                     Belief changed: not sucked hallway_upstairs
                vacuum_cleaner                                     Belief changed: not person_in_room hallway_upstairs
                vacuum_cleaner                                     Belief changed: dirty master_bedroom
                vacuum_cleaner                                     Belief changed: not clean master_bedroom
                vacuum_cleaner                                     Belief changed: not sucked master_bedroom
                vacuum_cleaner                                     Belief changed: not person_in_room master_bedroom
                vacuum_cleaner                                     Belief changed: dirty bedroom_0
                vacuum_cleaner                                     Belief changed: not clean bedroom_0
                vacuum_cleaner                                     Belief changed: not sucked bedroom_0
                vacuum_cleaner                                     Belief changed: not person_in_room bedroom_0
                vacuum_cleaner                                     Belief changed: dirty bedroom_1
                vacuum_cleaner                                     Belief changed: not clean bedroom_1
                vacuum_cleaner                                     Belief changed: not sucked bedroom_1
                vacuum_cleaner                                     Belief changed: not person_in_room bedroom_1
                vacuum_cleaner                                     Belief changed: dirty bathroom_1
                vacuum_cleaner                                     Belief changed: not clean bathroom_1
                vacuum_cleaner                                     Belief changed: not sucked bathroom_1
                vacuum_cleaner                                     Belief changed: not person_in_room bathroom_1
                house_agent>SendRoomStateIntention#6               Intention success
                house_agent                                        Succesfully used intention SendRoomStateIntention to achieve goal SendRoomStateGoal#9
                vacuum_cleaner>AskRoomStatusIntention#5            Intention success
                vacuum_cleaner                                     Succesfully used intention AskRoomStatusIntention to achieve goal AskRoomStatusGoal#5
                vacuum_cleaner                                     Trying to use intention OnlinePlanning to achieve goal SuckHouseGoal#6
                vacuum_cleaner>OnlinePlanning#7                    Intention started
0:09:00         Bob                                                moved from living_room to out
                vacuum_cleaner>OnlinePlanning#7                    No plan found
                vacuum_cleaner>OnlinePlanning#7                    ff: goal can be simplified to FALSE. No plan will solve it
                vacuum_cleaner>OnlinePlanning#7                    Intention failed: Plan not found
                vacuum_cleaner                                     Failed to use intention OnlinePlanning to achieve goal SuckHouseGoal#6: Plan not found
                vacuum_cleaner                                     No success in achieving goal SuckHouseGoal#6
                vacuum_cleaner                                     Trying to use intention AskRoomStatusIntention to achieve goal AskRoomStatusGoal#5
                vacuum_cleaner>AskRoomStatusIntention#8            Intention started
                house_agent>PostmanAcceptAllRequest#0              Reading received message SendRoomStateGoal#10
                house_agent                                        Trying to use intention SendRoomStateIntention to achieve goal SendRoomStateGoal#10
                house_agent>SendRoomStateIntention#9               Intention started
                vacuum_cleaner                                     Belief changed: not person_in_room living_room
                house_agent>SendRoomStateIntention#9               Intention success
                house_agent                                        Succesfully used intention SendRoomStateIntention to achieve goal SendRoomStateGoal#10
                vacuum_cleaner>AskRoomStatusIntention#8            Intention success
                vacuum_cleaner                                     Succesfully used intention AskRoomStatusIntention to achieve goal AskRoomStatusGoal#5
                vacuum_cleaner>VacuumCleaningProcedureIntention#4  New try, ignoring rooms with people inside
                vacuum_cleaner                                     Trying to use intention OnlinePlanning to achieve goal SuckHouseGoal#11
                vacuum_cleaner>OnlinePlanning#10                   Intention started
0:09:45         vacuum_cleaner>OnlinePlanning#10                   Plan found:
                vacuum_cleaner>OnlinePlanning#10                   - (suck kitchen)
                vacuum_cleaner>OnlinePlanning#10                   - (move kitchen living_room)
                vacuum_cleaner>OnlinePlanning#10                   - (suck living_room)
                vacuum_cleaner>OnlinePlanning#10                   - (move living_room hallway)
                vacuum_cleaner>OnlinePlanning#10                   - (suck hallway)
                vacuum_cleaner>OnlinePlanning#10                   - (move hallway bathroom_0)
                vacuum_cleaner>OnlinePlanning#10                   - (suck bathroom_0)
                vacuum_cleaner>OnlinePlanning#10                   - (move bathroom_0 hallway)
                vacuum_cleaner>OnlinePlanning#10                   - (move hallway garage)
                vacuum_cleaner>OnlinePlanning#10                   - (suck garage)
                vacuum_cleaner>OnlinePlanning#10                   - (move garage hallway)
                vacuum_cleaner>OnlinePlanning#10                   - (move hallway stairs)
                vacuum_cleaner>OnlinePlanning#10                   - (suck stairs)
                vacuum_cleaner>OnlinePlanning#10                   - (move stairs hallway_upstairs)
                vacuum_cleaner>OnlinePlanning#10                   - (suck hallway_upstairs)
                vacuum_cleaner>OnlinePlanning#10                   - (move hallway_upstairs master_bedroom)
                vacuum_cleaner>OnlinePlanning#10                   - (suck master_bedroom)
                vacuum_cleaner>OnlinePlanning#10                   - (move master_bedroom hallway_upstairs)
                vacuum_cleaner>OnlinePlanning#10                   - (move hallway_upstairs bedroom_0)
                vacuum_cleaner>OnlinePlanning#10                   - (suck bedroom_0)
                vacuum_cleaner>OnlinePlanning#10                   - (move bedroom_0 hallway_upstairs)
                vacuum_cleaner>OnlinePlanning#10                   - (move hallway_upstairs bedroom_1)
                vacuum_cleaner>OnlinePlanning#10                   - (suck bedroom_1)
                vacuum_cleaner>OnlinePlanning#10                   - (move bedroom_1 hallway_upstairs)
                vacuum_cleaner>OnlinePlanning#10                   - (move hallway_upstairs bathroom_1)
                vacuum_cleaner>OnlinePlanning#10                   - (suck bathroom_1)
                vacuum_cleaner>OnlinePlanning#10                   - (move bathroom_1 hallway_upstairs)
                vacuum_cleaner>OnlinePlanning#10                   - (move hallway_upstairs stairs)
                vacuum_cleaner>OnlinePlanning#10                   - (move stairs hallway)
                vacuum_cleaner>OnlinePlanning#10                   - (move hallway utility_room)
                vacuum_cleaner>OnlinePlanning#10                   - (suck utility_room)
                vacuum_cleaner>OnlinePlanning#10                   Starting sequential step (Suck kitchen) Effect: not dirty kitchen,sucked kitchen
                vacuum_cleaner>Suck#11                             Intention started
                vacuum VacuumCleaner                               suck kitchen
0:10:10         vacuum_cleaner                                     Belief changed: not dirty kitchen
                vacuum_cleaner                                     Belief changed: sucked kitchen
                vacuum_cleaner                                     Belief changed: not full_battery
                vacuum_cleaner>Suck#11                             Intention success
                vacuum_cleaner>OnlinePlanning#10                   Starting sequential step (Move kitchen living_room) Effect: in living_room,not in kitchen
                vacuum_cleaner>Move#12                             Intention started
                vacuum VacuumCleaner                               move kitchen living_room
                vacuum_cleaner                                     Belief changed: in living_room
                vacuum_cleaner                                     Belief changed: not in kitchen
                vacuum_cleaner>Move#12                             Intention success
                vacuum_cleaner>OnlinePlanning#10                   Starting sequential step (Suck living_room) Effect: not dirty living_room,sucked living_room
                vacuum_cleaner>Suck#13                             Intention started
                vacuum VacuumCleaner                               suck living_room
0:10:30         vacuum_cleaner                                     Belief changed: not dirty living_room
                vacuum_cleaner                                     Belief changed: sucked living_room
                vacuum_cleaner>Suck#13                             Intention success
                vacuum_cleaner>OnlinePlanning#10                   Starting sequential step (Move living_room hallway) Effect: in hallway,not in living_room
                vacuum_cleaner>Move#14                             Intention started
                vacuum VacuumCleaner                               move living_room hallway
                vacuum_cleaner                                     Belief changed: in hallway
                vacuum_cleaner                                     Belief changed: not in living_room
                vacuum_cleaner>Move#14                             Intention success
                vacuum_cleaner>OnlinePlanning#10                   Starting sequential step (Suck hallway) Effect: not dirty hallway,sucked hallway
                vacuum_cleaner>Suck#15                             Intention started
                vacuum VacuumCleaner                               suck hallway
0:10:35         vacuum_cleaner                                     Belief changed: not dirty hallway
                vacuum_cleaner                                     Belief changed: sucked hallway
                vacuum_cleaner>Suck#15                             Intention success
                vacuum_cleaner>OnlinePlanning#10                   Starting sequential step (Move hallway bathroom_0) Effect: in bathroom_0,not in hallway
                vacuum_cleaner>Move#16                             Intention started
                vacuum VacuumCleaner                               move hallway bathroom_0
                vacuum_cleaner                                     Belief changed: in bathroom_0
                vacuum_cleaner                                     Belief changed: not in hallway
                vacuum_cleaner>Move#16                             Intention success
                vacuum_cleaner>OnlinePlanning#10                   Starting sequential step (Suck bathroom_0) Effect: not dirty bathroom_0,sucked bathroom_0
                vacuum_cleaner>Suck#17                             Intention started
                vacuum VacuumCleaner                               suck bathroom_0
0:10:45         vacuum_cleaner                                     Belief changed: not dirty bathroom_0
                vacuum_cleaner                                     Belief changed: sucked bathroom_0
                vacuum_cleaner>Suck#17                             Intention success
                vacuum_cleaner>OnlinePlanning#10                   Starting sequential step (Move bathroom_0 hallway) Effect: in hallway,not in bathroom_0
                vacuum_cleaner>Move#18                             Intention started
                vacuum VacuumCleaner                               move bathroom_0 hallway
                vacuum_cleaner                                     Belief changed: in hallway
                vacuum_cleaner                                     Belief changed: not in bathroom_0
                vacuum_cleaner>Move#18                             Intention success
                vacuum_cleaner>OnlinePlanning#10                   Starting sequential step (Move hallway garage) Effect: in garage,not in hallway
                vacuum_cleaner>Move#19                             Intention started
                vacuum VacuumCleaner                               move hallway garage
                vacuum_cleaner                                     Belief changed: in garage
                vacuum_cleaner                                     Belief changed: not in hallway
                vacuum_cleaner>Move#19                             Intention success
                vacuum_cleaner>OnlinePlanning#10                   Starting sequential step (Suck garage) Effect: not dirty garage,sucked garage
                vacuum_cleaner>Suck#20                             Intention started
                vacuum VacuumCleaner                               suck garage
0:11:05         vacuum_cleaner                                     Belief changed: not dirty garage
                vacuum_cleaner                                     Belief changed: sucked garage
                vacuum_cleaner>Suck#20                             Intention success
                vacuum_cleaner>OnlinePlanning#10                   Starting sequential step (Move garage hallway) Effect: in hallway,not in garage
                vacuum_cleaner>Move#21                             Intention started
                vacuum VacuumCleaner                               move garage hallway
                vacuum_cleaner                                     Belief changed: in hallway
                vacuum_cleaner                                     Belief changed: not in garage
                vacuum_cleaner>Move#21                             Intention success
                vacuum_cleaner>OnlinePlanning#10                   Starting sequential step (Move hallway stairs) Effect: in stairs,not in hallway
                vacuum_cleaner>Move#22                             Intention started
                vacuum VacuumCleaner                               move hallway stairs
                vacuum_cleaner                                     Belief changed: in stairs
                vacuum_cleaner                                     Belief changed: not in hallway
                vacuum_cleaner>Move#22                             Intention success
                vacuum_cleaner>OnlinePlanning#10                   Starting sequential step (Suck stairs) Effect: not dirty stairs,sucked stairs
                vacuum_cleaner>Suck#23                             Intention started
                vacuum VacuumCleaner                               suck stairs
0:11:10         vacuum_cleaner                                     Belief changed: not dirty stairs
                vacuum_cleaner                                     Belief changed: sucked stairs
                vacuum_cleaner>Suck#23                             Intention success
                vacuum_cleaner>OnlinePlanning#10                   Starting sequential step (Move stairs hallway_upstairs) Effect: in hallway_upstairs,not in stairs
                vacuum_cleaner>Move#24                             Intention started
                vacuum VacuumCleaner                               move stairs hallway_upstairs
                vacuum_cleaner                                     Belief changed: in hallway_upstairs
                vacuum_cleaner                                     Belief changed: not in stairs
                vacuum_cleaner>Move#24                             Intention success
                vacuum_cleaner>OnlinePlanning#10                   Starting sequential step (Suck hallway_upstairs) Effect: not dirty hallway_upstairs,sucked hallway_upstairs
                vacuum_cleaner>Suck#25                             Intention started
                vacuum VacuumCleaner                               suck hallway_upstairs
0:11:15         vacuum_cleaner                                     Belief changed: not dirty hallway_upstairs
                vacuum_cleaner                                     Belief changed: sucked hallway_upstairs
                vacuum_cleaner>Suck#25                             Intention success
                vacuum_cleaner>OnlinePlanning#10                   Starting sequential step (Move hallway_upstairs master_bedroom) Effect: in master_bedroom,not in hallway_upstairs
                vacuum_cleaner>Move#26                             Intention started
                vacuum VacuumCleaner                               move hallway_upstairs master_bedroom
                vacuum_cleaner                                     Belief changed: in master_bedroom
                vacuum_cleaner                                     Belief changed: not in hallway_upstairs
                vacuum_cleaner>Move#26                             Intention success
                vacuum_cleaner>OnlinePlanning#10                   Starting sequential step (Suck master_bedroom) Effect: not dirty master_bedroom,sucked master_bedroom
                vacuum_cleaner>Suck#27                             Intention started
                vacuum VacuumCleaner                               suck master_bedroom
0:11:30         vacuum_cleaner                                     Belief changed: not dirty master_bedroom
                vacuum_cleaner                                     Belief changed: sucked master_bedroom
                vacuum_cleaner>Suck#27                             Intention success
                vacuum_cleaner>OnlinePlanning#10                   Starting sequential step (Move master_bedroom hallway_upstairs) Effect: in hallway_upstairs,not in master_bedroom
                vacuum_cleaner>Move#28                             Intention started
                vacuum VacuumCleaner                               move master_bedroom hallway_upstairs
                vacuum_cleaner                                     Belief changed: in hallway_upstairs
                vacuum_cleaner                                     Belief changed: not in master_bedroom
                vacuum_cleaner>Move#28                             Intention success
                vacuum_cleaner>OnlinePlanning#10                   Starting sequential step (Move hallway_upstairs bedroom_0) Effect: in bedroom_0,not in hallway_upstairs
                vacuum_cleaner>Move#29                             Intention started
                vacuum VacuumCleaner                               move hallway_upstairs bedroom_0
                vacuum_cleaner                                     Belief changed: in bedroom_0
                vacuum_cleaner                                     Belief changed: not in hallway_upstairs
                vacuum_cleaner>Move#29                             Intention success
                vacuum_cleaner>OnlinePlanning#10                   Starting sequential step (Suck bedroom_0) Effect: not dirty bedroom_0,sucked bedroom_0
                vacuum_cleaner>Suck#30                             Intention started
                vacuum VacuumCleaner                               suck bedroom_0
0:11:40         vacuum_cleaner                                     Belief changed: not dirty bedroom_0
                vacuum_cleaner                                     Belief changed: sucked bedroom_0
                vacuum_cleaner>Suck#30                             Intention success
                vacuum_cleaner>OnlinePlanning#10                   Starting sequential step (Move bedroom_0 hallway_upstairs) Effect: in hallway_upstairs,not in bedroom_0
                vacuum_cleaner>Move#31                             Intention started
                vacuum VacuumCleaner                               move bedroom_0 hallway_upstairs
                vacuum_cleaner                                     Belief changed: in hallway_upstairs
                vacuum_cleaner                                     Belief changed: not in bedroom_0
                vacuum_cleaner>Move#31                             Intention success
                vacuum_cleaner>OnlinePlanning#10                   Starting sequential step (Move hallway_upstairs bedroom_1) Effect: in bedroom_1,not in hallway_upstairs
                vacuum_cleaner>Move#32                             Intention started
                vacuum VacuumCleaner                               move hallway_upstairs bedroom_1
                vacuum_cleaner                                     Belief changed: in bedroom_1
                vacuum_cleaner                                     Belief changed: not in hallway_upstairs
                vacuum_cleaner>Move#32                             Intention success
                vacuum_cleaner>OnlinePlanning#10                   Starting sequential step (Suck bedroom_1) Effect: not dirty bedroom_1,sucked bedroom_1
                vacuum_cleaner>Suck#33                             Intention started
                vacuum VacuumCleaner                               suck bedroom_1
0:11:50         vacuum_cleaner                                     Belief changed: not dirty bedroom_1
                vacuum_cleaner                                     Belief changed: sucked bedroom_1
                vacuum_cleaner>Suck#33                             Intention success
                vacuum_cleaner>OnlinePlanning#10                   Starting sequential step (Move bedroom_1 hallway_upstairs) Effect: in hallway_upstairs,not in bedroom_1
                vacuum_cleaner>Move#34                             Intention started
                vacuum VacuumCleaner                               move bedroom_1 hallway_upstairs
                vacuum_cleaner                                     Belief changed: in hallway_upstairs
                vacuum_cleaner                                     Belief changed: not in bedroom_1
                vacuum_cleaner>Move#34                             Intention success
                vacuum_cleaner>OnlinePlanning#10                   Starting sequential step (Move hallway_upstairs bathroom_1) Effect: in bathroom_1,not in hallway_upstairs
                vacuum_cleaner>Move#35                             Intention started
                vacuum VacuumCleaner                               move hallway_upstairs bathroom_1
                vacuum_cleaner                                     Belief changed: in bathroom_1
                vacuum_cleaner                                     Belief changed: not in hallway_upstairs
                vacuum_cleaner>Move#35                             Intention success
                vacuum_cleaner>OnlinePlanning#10                   Starting sequential step (Suck bathroom_1) Effect: not dirty bathroom_1,sucked bathroom_1
                vacuum_cleaner>Suck#36                             Intention started
                vacuum VacuumCleaner                               suck bathroom_1
0:12:00         vacuum_cleaner                                     Belief changed: not dirty bathroom_1
                vacuum_cleaner                                     Belief changed: sucked bathroom_1
                vacuum_cleaner>Suck#36                             Intention success
                vacuum_cleaner>OnlinePlanning#10                   Starting sequential step (Move bathroom_1 hallway_upstairs) Effect: in hallway_upstairs,not in bathroom_1
                vacuum_cleaner>Move#37                             Intention started
                vacuum VacuumCleaner                               move bathroom_1 hallway_upstairs
                vacuum_cleaner                                     Belief changed: in hallway_upstairs
                vacuum_cleaner                                     Belief changed: not in bathroom_1
                vacuum_cleaner>Move#37                             Intention success
                vacuum_cleaner>OnlinePlanning#10                   Starting sequential step (Move hallway_upstairs stairs) Effect: in stairs,not in hallway_upstairs
                vacuum_cleaner>Move#38                             Intention started
                vacuum VacuumCleaner                               move hallway_upstairs stairs
                vacuum_cleaner                                     Belief changed: in stairs
                vacuum_cleaner                                     Belief changed: not in hallway_upstairs
                vacuum_cleaner>Move#38                             Intention success
                vacuum_cleaner>OnlinePlanning#10                   Starting sequential step (Move stairs hallway) Effect: in hallway,not in stairs
                vacuum_cleaner>Move#39                             Intention started
                vacuum VacuumCleaner                               move stairs hallway
                vacuum_cleaner                                     Belief changed: in hallway
                vacuum_cleaner                                     Belief changed: not in stairs
                vacuum_cleaner>Move#39                             Intention success
                vacuum_cleaner>OnlinePlanning#10                   Starting sequential step (Move hallway utility_room) Effect: in utility_room,not in hallway
                vacuum_cleaner>Move#40                             Intention started
                vacuum VacuumCleaner                               move hallway utility_room
                vacuum_cleaner                                     Belief changed: in utility_room
                vacuum_cleaner                                     Belief changed: not in hallway
                vacuum_cleaner>Move#40                             Intention success
                vacuum_cleaner>OnlinePlanning#10                   Starting sequential step (Suck utility_room) Effect: not dirty utility_room,sucked utility_room
                vacuum_cleaner>Suck#41                             Intention started
                vacuum VacuumCleaner                               suck utility_room
0:12:05         vacuum_cleaner                                     Belief changed: not dirty utility_room
                vacuum_cleaner                                     Belief changed: sucked utility_room
                vacuum_cleaner>Suck#41                             Intention success
                vacuum_cleaner>OnlinePlanning#10                   Intention success
                vacuum_cleaner                                     Succesfully used intention OnlinePlanning to achieve goal SuckHouseGoal#11
                vacuum_cleaner                                     Trying to use intention OnlinePlanning to achieve goal ChargeGoal#8
                vacuum_cleaner>OnlinePlanning#42                   Intention started
                vacuum_cleaner                                     Trying to use intention AskToCleanIntention to achieve goal AskToCleanGoal#7
                vacuum_cleaner>AskToCleanIntention#43              Intention started
                vacuum_cleaner>VacuumCleaningProcedureIntention#4  Intention success
                vacuum_cleaner                                     Succesfully used intention VacuumCleaningProcedureIntention to achieve goal VacuumCleaningProcedureGoal#4
                mopbot>PostmanAcceptAllRequest#1                   Reading received message MopCleaningProcedureGoal#43
                mopbot                                             Trying to use intention MopCleaningProcedureIntention to achieve goal MopCleaningProcedureGoal#43
                mopbot>MopCleaningProcedureIntention#44            Intention started
                mopbot                                             Trying to use intention AskHouseConfigurationIntention to achieve goal AskHouseConfigurationGoal#44
                mopbot>AskHouseConfigurationIntention#45           Intention started
                vacuum_cleaner>PostmanAcceptAllRequest#2           Reading received message SendHouseConfigurationGoal#47
                vacuum_cleaner                                     Trying to use intention SendHouseConfigurationIntention to achieve goal SendHouseConfigurationGoal#47
                vacuum_cleaner>SendHouseConfigurationIntention#46  Intention started
                mopbot                                             Belief changed: door kitchen living_room
                mopbot                                             Belief changed: door living_room kitchen
                mopbot                                             Belief changed: door living_room hallway
                mopbot                                             Belief changed: door hallway living_room
                mopbot                                             Belief changed: door hallway bathroom_0
                mopbot                                             Belief changed: door bathroom_0 hallway
                mopbot                                             Belief changed: door hallway garage
                mopbot                                             Belief changed: door garage hallway
                mopbot                                             Belief changed: door hallway stairs
                mopbot                                             Belief changed: door stairs hallway
                mopbot                                             Belief changed: door stairs hallway_upstairs
                mopbot                                             Belief changed: door hallway_upstairs stairs
                mopbot                                             Belief changed: door hallway_upstairs master_bedroom
                mopbot                                             Belief changed: door master_bedroom hallway_upstairs
                mopbot                                             Belief changed: door hallway_upstairs bedroom_0
                mopbot                                             Belief changed: door bedroom_0 hallway_upstairs
                mopbot                                             Belief changed: door hallway_upstairs bedroom_1
                mopbot                                             Belief changed: door bedroom_1 hallway_upstairs
                mopbot                                             Belief changed: door hallway_upstairs bathroom_1
                mopbot                                             Belief changed: door bathroom_1 hallway_upstairs
                mopbot                                             Belief changed: door hallway utility_room
                mopbot                                             Belief changed: door utility_room hallway
                mopbot                                             Belief changed: not dirty kitchen
                mopbot                                             Belief changed: not clean kitchen
                mopbot                                             Belief changed: sucked kitchen
                mopbot                                             Belief changed: not person_in_room kitchen
                mopbot                                             Belief changed: not dirty living_room
                mopbot                                             Belief changed: not clean living_room
                mopbot                                             Belief changed: sucked living_room
                mopbot                                             Belief changed: not person_in_room living_room
                mopbot                                             Belief changed: not dirty garage
                mopbot                                             Belief changed: not clean garage
                mopbot                                             Belief changed: sucked garage
                mopbot                                             Belief changed: not person_in_room garage
                mopbot                                             Belief changed: not dirty bathroom_0
                mopbot                                             Belief changed: not clean bathroom_0
                mopbot                                             Belief changed: sucked bathroom_0
                mopbot                                             Belief changed: not person_in_room bathroom_0
                mopbot                                             Belief changed: not dirty utility_room
                mopbot                                             Belief changed: not clean utility_room
                mopbot                                             Belief changed: sucked utility_room
                mopbot                                             Belief changed: not person_in_room utility_room
                mopbot                                             Belief changed: not dirty hallway
                mopbot                                             Belief changed: not clean hallway
                mopbot                                             Belief changed: sucked hallway
                mopbot                                             Belief changed: not person_in_room hallway
                mopbot                                             Belief changed: not dirty stairs
                mopbot                                             Belief changed: not clean stairs
                mopbot                                             Belief changed: sucked stairs
                mopbot                                             Belief changed: not person_in_room stairs
                mopbot                                             Belief changed: not dirty hallway_upstairs
                mopbot                                             Belief changed: not clean hallway_upstairs
                mopbot                                             Belief changed: sucked hallway_upstairs
                mopbot                                             Belief changed: not person_in_room hallway_upstairs
                mopbot                                             Belief changed: not dirty master_bedroom
                mopbot                                             Belief changed: not clean master_bedroom
                mopbot                                             Belief changed: sucked master_bedroom
                mopbot                                             Belief changed: not person_in_room master_bedroom
                mopbot                                             Belief changed: not dirty bedroom_0
                mopbot                                             Belief changed: not clean bedroom_0
                mopbot                                             Belief changed: sucked bedroom_0
                mopbot                                             Belief changed: not person_in_room bedroom_0
                mopbot                                             Belief changed: not dirty bedroom_1
                mopbot                                             Belief changed: not clean bedroom_1
                mopbot                                             Belief changed: sucked bedroom_1
                mopbot                                             Belief changed: not person_in_room bedroom_1
                mopbot                                             Belief changed: not dirty bathroom_1
                mopbot                                             Belief changed: not clean bathroom_1
                mopbot                                             Belief changed: sucked bathroom_1
                mopbot                                             Belief changed: not person_in_room bathroom_1
                vacuum_cleaner>SendHouseConfigurationIntention#46  Intention success
                vacuum_cleaner                                     Succesfully used intention SendHouseConfigurationIntention to achieve goal SendHouseConfigurationGoal#47
                mopbot>AskHouseConfigurationIntention#45           Intention success
                mopbot                                             Succesfully used intention AskHouseConfigurationIntention to achieve goal AskHouseConfigurationGoal#44
                mopbot                                             Trying to use intention OnlinePlanning to achieve goal CleanHouseGoal#45
                mopbot>OnlinePlanning#47                           Intention started
0:12:35         vacuum_cleaner>OnlinePlanning#42                   Plan found:
                vacuum_cleaner>OnlinePlanning#42                   - (move utility_room hallway)
                vacuum_cleaner>OnlinePlanning#42                   - (move hallway living_room)
                vacuum_cleaner>OnlinePlanning#42                   - (move living_room kitchen)
                vacuum_cleaner>OnlinePlanning#42                   - (charge)
                vacuum_cleaner>OnlinePlanning#42                   Starting sequential step (Move utility_room hallway) Effect: in hallway,not in utility_room
                vacuum_cleaner>Move#48                             Intention started
                vacuum VacuumCleaner                               move utility_room hallway
                vacuum_cleaner                                     Belief changed: in hallway
                vacuum_cleaner                                     Belief changed: not in utility_room
                vacuum_cleaner>Move#48                             Intention success
                vacuum_cleaner>OnlinePlanning#42                   Starting sequential step (Move hallway living_room) Effect: in living_room,not in hallway
                vacuum_cleaner>Move#49                             Intention started
                vacuum VacuumCleaner                               move hallway living_room
                vacuum_cleaner                                     Belief changed: in living_room
                vacuum_cleaner                                     Belief changed: not in hallway
                vacuum_cleaner>Move#49                             Intention success
                vacuum_cleaner>OnlinePlanning#42                   Starting sequential step (Move living_room kitchen) Effect: in kitchen,not in living_room
                vacuum_cleaner>Move#50                             Intention started
                vacuum VacuumCleaner                               move living_room kitchen
                vacuum_cleaner                                     Belief changed: in kitchen
                vacuum_cleaner                                     Belief changed: not in living_room
                vacuum_cleaner>Move#50                             Intention success
                vacuum_cleaner>OnlinePlanning#42                   Starting sequential step (Charge ) Effect: full_battery,not zero_battery
                vacuum_cleaner>Charge#51                           Intention started
                vacuum VacuumCleaner                               charging
0:12:45         mopbot>OnlinePlanning#47                           Plan found:
                mopbot>OnlinePlanning#47                           - (clean kitchen)
                mopbot>OnlinePlanning#47                           - (move kitchen living_room)
                mopbot>OnlinePlanning#47                           - (clean living_room)
                mopbot>OnlinePlanning#47                           - (move living_room hallway)
                mopbot>OnlinePlanning#47                           - (clean hallway)
                mopbot>OnlinePlanning#47                           - (move hallway bathroom_0)
                mopbot>OnlinePlanning#47                           - (clean bathroom_0)
                mopbot>OnlinePlanning#47                           - (move bathroom_0 hallway)
                mopbot>OnlinePlanning#47                           - (move hallway garage)
                mopbot>OnlinePlanning#47                           - (clean garage)
                mopbot>OnlinePlanning#47                           - (move garage hallway)
                mopbot>OnlinePlanning#47                           - (move hallway stairs)
                mopbot>OnlinePlanning#47                           - (clean stairs)
                mopbot>OnlinePlanning#47                           - (move stairs hallway_upstairs)
                mopbot>OnlinePlanning#47                           - (clean hallway_upstairs)
                mopbot>OnlinePlanning#47                           - (move hallway_upstairs master_bedroom)
                mopbot>OnlinePlanning#47                           - (clean master_bedroom)
                mopbot>OnlinePlanning#47                           - (move master_bedroom hallway_upstairs)
                mopbot>OnlinePlanning#47                           - (move hallway_upstairs bedroom_0)
                mopbot>OnlinePlanning#47                           - (clean bedroom_0)
                mopbot>OnlinePlanning#47                           - (move bedroom_0 hallway_upstairs)
                mopbot>OnlinePlanning#47                           - (move hallway_upstairs bedroom_1)
                mopbot>OnlinePlanning#47                           - (clean bedroom_1)
                mopbot>OnlinePlanning#47                           - (move bedroom_1 hallway_upstairs)
                mopbot>OnlinePlanning#47                           - (move hallway_upstairs bathroom_1)
                mopbot>OnlinePlanning#47                           - (clean bathroom_1)
                mopbot>OnlinePlanning#47                           - (move bathroom_1 hallway_upstairs)
                mopbot>OnlinePlanning#47                           - (move hallway_upstairs stairs)
                mopbot>OnlinePlanning#47                           - (move stairs hallway)
                mopbot>OnlinePlanning#47                           - (move hallway utility_room)
                mopbot>OnlinePlanning#47                           - (clean utility_room)
                mopbot>OnlinePlanning#47                           Starting sequential step (Clean kitchen) Effect: not sucked kitchen,clean kitchen
                mopbot>Clean#52                                    Intention started
                mopbot MopBot                                      cleaning kitchen
0:13:15         mopbot                                             Belief changed: not sucked kitchen
                mopbot                                             Belief changed: clean kitchen
                mopbot                                             Belief changed: not full_battery
                mopbot>Clean#52                                    Intention success
                mopbot>OnlinePlanning#47                           Starting sequential step (Move kitchen living_room) Effect: in living_room,not in kitchen
                mopbot>Move#53                                     Intention started
                mopbot MopBot                                      move kitchen living_room
                mopbot                                             Belief changed: in living_room
                mopbot                                             Belief changed: not in kitchen
                mopbot>Move#53                                     Intention success
                mopbot>OnlinePlanning#47                           Starting sequential step (Clean living_room) Effect: not sucked living_room,clean living_room
                mopbot>Clean#54                                    Intention started
                mopbot MopBot                                      cleaning living_room
0:13:40         mopbot                                             Belief changed: not sucked living_room
                mopbot                                             Belief changed: clean living_room
                mopbot>Clean#54                                    Intention success
                mopbot>OnlinePlanning#47                           Starting sequential step (Move living_room hallway) Effect: in hallway,not in living_room
                mopbot>Move#55                                     Intention started
                mopbot MopBot                                      move living_room hallway
                mopbot                                             Belief changed: in hallway
                mopbot                                             Belief changed: not in living_room
                mopbot>Move#55                                     Intention success
                mopbot>OnlinePlanning#47                           Starting sequential step (Clean hallway) Effect: not sucked hallway,clean hallway
                mopbot>Clean#56                                    Intention started
                mopbot MopBot                                      cleaning hallway
0:13:45         mopbot                                             Belief changed: not sucked hallway
                mopbot                                             Belief changed: clean hallway
                mopbot>Clean#56                                    Intention success
                mopbot>OnlinePlanning#47                           Starting sequential step (Move hallway bathroom_0) Effect: in bathroom_0,not in hallway
                mopbot>Move#57                                     Intention started
                mopbot MopBot                                      move hallway bathroom_0
                mopbot                                             Belief changed: in bathroom_0
                mopbot                                             Belief changed: not in hallway
                mopbot>Move#57                                     Intention success
                mopbot>OnlinePlanning#47                           Starting sequential step (Clean bathroom_0) Effect: not sucked bathroom_0,clean bathroom_0
                mopbot>Clean#58                                    Intention started
                mopbot MopBot                                      cleaning bathroom_0
0:14:00         mopbot                                             Belief changed: not sucked bathroom_0
                mopbot                                             Belief changed: clean bathroom_0
                mopbot>Clean#58                                    Intention success
                mopbot>OnlinePlanning#47                           Starting sequential step (Move bathroom_0 hallway) Effect: in hallway,not in bathroom_0
                mopbot>Move#59                                     Intention started
                mopbot MopBot                                      move bathroom_0 hallway
                mopbot                                             Belief changed: in hallway
                mopbot                                             Belief changed: not in bathroom_0
                mopbot>Move#59                                     Intention success
                mopbot>OnlinePlanning#47                           Starting sequential step (Move hallway garage) Effect: in garage,not in hallway
                mopbot>Move#60                                     Intention started
                mopbot MopBot                                      move hallway garage
                mopbot                                             Belief changed: in garage
                mopbot                                             Belief changed: not in hallway
                mopbot>Move#60                                     Intention success
                mopbot>OnlinePlanning#47                           Starting sequential step (Clean garage) Effect: not sucked garage,clean garage
                mopbot>Clean#61                                    Intention started
                mopbot MopBot                                      cleaning garage
0:14:25         mopbot                                             Belief changed: not sucked garage
                mopbot                                             Belief changed: clean garage
                mopbot>Clean#61                                    Intention success
                mopbot>OnlinePlanning#47                           Starting sequential step (Move garage hallway) Effect: in hallway,not in garage
                mopbot>Move#62                                     Intention started
                mopbot MopBot                                      move garage hallway
                mopbot                                             Belief changed: in hallway
                mopbot                                             Belief changed: not in garage
                mopbot>Move#62                                     Intention success
                mopbot>OnlinePlanning#47                           Starting sequential step (Move hallway stairs) Effect: in stairs,not in hallway
                mopbot>Move#63                                     Intention started
                mopbot MopBot                                      move hallway stairs
                mopbot                                             Belief changed: in stairs
                mopbot                                             Belief changed: not in hallway
                mopbot>Move#63                                     Intention success
                mopbot>OnlinePlanning#47                           Starting sequential step (Clean stairs) Effect: not sucked stairs,clean stairs
                mopbot>Clean#64                                    Intention started
                mopbot MopBot                                      cleaning stairs
0:14:30         mopbot                                             Belief changed: not sucked stairs
                mopbot                                             Belief changed: clean stairs
                mopbot>Clean#64                                    Intention success
                mopbot>OnlinePlanning#47                           Starting sequential step (Move stairs hallway_upstairs) Effect: in hallway_upstairs,not in stairs
                mopbot>Move#65                                     Intention started
                mopbot MopBot                                      move stairs hallway_upstairs
                mopbot                                             Belief changed: in hallway_upstairs
                mopbot                                             Belief changed: not in stairs
                mopbot>Move#65                                     Intention success
                mopbot>OnlinePlanning#47                           Starting sequential step (Clean hallway_upstairs) Effect: not sucked hallway_upstairs,clean hallway_upstairs
                mopbot>Clean#66                                    Intention started
                mopbot MopBot                                      cleaning hallway_upstairs
0:14:35         mopbot                                             Belief changed: not sucked hallway_upstairs
                mopbot                                             Belief changed: clean hallway_upstairs
                mopbot>Clean#66                                    Intention success
                mopbot>OnlinePlanning#47                           Starting sequential step (Move hallway_upstairs master_bedroom) Effect: in master_bedroom,not in hallway_upstairs
                mopbot>Move#67                                     Intention started
                mopbot MopBot                                      move hallway_upstairs master_bedroom
                mopbot                                             Belief changed: in master_bedroom
                mopbot                                             Belief changed: not in hallway_upstairs
                mopbot>Move#67                                     Intention success
                mopbot>OnlinePlanning#47                           Starting sequential step (Clean master_bedroom) Effect: not sucked master_bedroom,clean master_bedroom
                mopbot>Clean#68                                    Intention started
                mopbot MopBot                                      cleaning master_bedroom
0:14:55         vacuum VacuumCleaner                               charging completed
                vacuum_cleaner                                     Belief changed: full_battery
                mopbot                                             Belief changed: not sucked master_bedroom
                mopbot                                             Belief changed: clean master_bedroom
                vacuum_cleaner>Charge#51                           Intention success
                mopbot>Clean#68                                    Intention success
                mopbot>OnlinePlanning#47                           Starting sequential step (Move master_bedroom hallway_upstairs) Effect: in hallway_upstairs,not in master_bedroom
                mopbot>Move#69                                     Intention started
                mopbot MopBot                                      move master_bedroom hallway_upstairs
                vacuum_cleaner>OnlinePlanning#42                   Intention success
                vacuum_cleaner                                     Succesfully used intention OnlinePlanning to achieve goal ChargeGoal#8
                mopbot                                             Belief changed: in hallway_upstairs
                mopbot                                             Belief changed: not in master_bedroom
                mopbot>Move#69                                     Intention success
                mopbot>OnlinePlanning#47                           Starting sequential step (Move hallway_upstairs bedroom_0) Effect: in bedroom_0,not in hallway_upstairs
                mopbot>Move#70                                     Intention started
                mopbot MopBot                                      move hallway_upstairs bedroom_0
                mopbot                                             Belief changed: in bedroom_0
                mopbot                                             Belief changed: not in hallway_upstairs
                mopbot>Move#70                                     Intention success
                mopbot>OnlinePlanning#47                           Starting sequential step (Clean bedroom_0) Effect: not sucked bedroom_0,clean bedroom_0
                mopbot>Clean#71                                    Intention started
                mopbot MopBot                                      cleaning bedroom_0
0:15:10         mopbot                                             Belief changed: not sucked bedroom_0
                mopbot                                             Belief changed: clean bedroom_0
                mopbot>Clean#71                                    Intention success
                mopbot>OnlinePlanning#47                           Starting sequential step (Move bedroom_0 hallway_upstairs) Effect: in hallway_upstairs,not in bedroom_0
                mopbot>Move#72                                     Intention started
                mopbot MopBot                                      move bedroom_0 hallway_upstairs
                mopbot                                             Belief changed: in hallway_upstairs
                mopbot                                             Belief changed: not in bedroom_0
                mopbot>Move#72                                     Intention success
                mopbot>OnlinePlanning#47                           Starting sequential step (Move hallway_upstairs bedroom_1) Effect: in bedroom_1,not in hallway_upstairs
                mopbot>Move#73                                     Intention started
                mopbot MopBot                                      move hallway_upstairs bedroom_1
                mopbot                                             Belief changed: in bedroom_1
                mopbot                                             Belief changed: not in hallway_upstairs
                mopbot>Move#73                                     Intention success
                mopbot>OnlinePlanning#47                           Starting sequential step (Clean bedroom_1) Effect: not sucked bedroom_1,clean bedroom_1
                mopbot>Clean#74                                    Intention started
                mopbot MopBot                                      cleaning bedroom_1
0:15:25         mopbot                                             Belief changed: not sucked bedroom_1
                mopbot                                             Belief changed: clean bedroom_1
                mopbot>Clean#74                                    Intention success
                mopbot>OnlinePlanning#47                           Starting sequential step (Move bedroom_1 hallway_upstairs) Effect: in hallway_upstairs,not in bedroom_1
                mopbot>Move#75                                     Intention started
                mopbot MopBot                                      move bedroom_1 hallway_upstairs
                mopbot                                             Belief changed: in hallway_upstairs
                mopbot                                             Belief changed: not in bedroom_1
                mopbot>Move#75                                     Intention success
                mopbot>OnlinePlanning#47                           Starting sequential step (Move hallway_upstairs bathroom_1) Effect: in bathroom_1,not in hallway_upstairs
                mopbot>Move#76                                     Intention started
                mopbot MopBot                                      move hallway_upstairs bathroom_1
                mopbot                                             Belief changed: in bathroom_1
                mopbot                                             Belief changed: not in hallway_upstairs
                mopbot>Move#76                                     Intention success
                mopbot>OnlinePlanning#47                           Starting sequential step (Clean bathroom_1) Effect: not sucked bathroom_1,clean bathroom_1
                mopbot>Clean#77                                    Intention started
                mopbot MopBot                                      cleaning bathroom_1
0:15:40         mopbot                                             Belief changed: not sucked bathroom_1
                mopbot                                             Belief changed: clean bathroom_1
                mopbot>Clean#77                                    Intention success
                mopbot>OnlinePlanning#47                           Starting sequential step (Move bathroom_1 hallway_upstairs) Effect: in hallway_upstairs,not in bathroom_1
                mopbot>Move#78                                     Intention started
                mopbot MopBot                                      move bathroom_1 hallway_upstairs
                mopbot                                             Belief changed: in hallway_upstairs
                mopbot                                             Belief changed: not in bathroom_1
                mopbot>Move#78                                     Intention success
                mopbot>OnlinePlanning#47                           Starting sequential step (Move hallway_upstairs stairs) Effect: in stairs,not in hallway_upstairs
                mopbot>Move#79                                     Intention started
                mopbot MopBot                                      move hallway_upstairs stairs
                mopbot                                             Belief changed: in stairs
                mopbot                                             Belief changed: not in hallway_upstairs
                mopbot>Move#79                                     Intention success
                mopbot>OnlinePlanning#47                           Starting sequential step (Move stairs hallway) Effect: in hallway,not in stairs
                mopbot>Move#80                                     Intention started
                mopbot MopBot                                      move stairs hallway
                mopbot                                             Belief changed: in hallway
                mopbot                                             Belief changed: not in stairs
                mopbot>Move#80                                     Intention success
                mopbot>OnlinePlanning#47                           Starting sequential step (Move hallway utility_room) Effect: in utility_room,not in hallway
                mopbot>Move#81                                     Intention started
                mopbot MopBot                                      move hallway utility_room
                mopbot                                             Belief changed: in utility_room
                mopbot                                             Belief changed: not in hallway
                mopbot>Move#81                                     Intention success
                mopbot>OnlinePlanning#47                           Starting sequential step (Clean utility_room) Effect: not sucked utility_room,clean utility_room
                mopbot>Clean#82                                    Intention started
                mopbot MopBot                                      cleaning utility_room
0:15:45         mopbot                                             Belief changed: not sucked utility_room
                mopbot                                             Belief changed: clean utility_room
                mopbot>Clean#82                                    Intention success
                mopbot>OnlinePlanning#47                           Intention success
                mopbot                                             Succesfully used intention OnlinePlanning to achieve goal CleanHouseGoal#45
                mopbot                                             Trying to use intention OnlinePlanning to achieve goal ChargeGoal#46
                mopbot>OnlinePlanning#83                           Intention started
                mopbot>MopCleaningProcedureIntention#44            Intention success
                mopbot                                             Succesfully used intention MopCleaningProcedureIntention to achieve goal MopCleaningProcedureGoal#43
                vacuum_cleaner>AskToCleanIntention#43              Intention success
                vacuum_cleaner                                     Succesfully used intention AskToCleanIntention to achieve goal AskToCleanGoal#7
0:16:15         mopbot>OnlinePlanning#83                           Plan found:
                mopbot>OnlinePlanning#83                           - (move utility_room hallway)
                mopbot>OnlinePlanning#83                           - (move hallway living_room)
                mopbot>OnlinePlanning#83                           - (move living_room kitchen)
                mopbot>OnlinePlanning#83                           - (charge)
                mopbot>OnlinePlanning#83                           Starting sequential step (Move utility_room hallway) Effect: in hallway,not in utility_room
                mopbot>Move#84                                     Intention started
                mopbot MopBot                                      move utility_room hallway
                mopbot                                             Belief changed: in hallway
                mopbot                                             Belief changed: not in utility_room
                mopbot>Move#84                                     Intention success
                mopbot>OnlinePlanning#83                           Starting sequential step (Move hallway living_room) Effect: in living_room,not in hallway
                mopbot>Move#85                                     Intention started
                mopbot MopBot                                      move hallway living_room
                mopbot                                             Belief changed: in living_room
                mopbot                                             Belief changed: not in hallway
                mopbot>Move#85                                     Intention success
                mopbot>OnlinePlanning#83                           Starting sequential step (Move living_room kitchen) Effect: in kitchen,not in living_room
                mopbot>Move#86                                     Intention started
                mopbot MopBot                                      move living_room kitchen
                mopbot                                             Belief changed: in kitchen
                mopbot                                             Belief changed: not in living_room
                mopbot>Move#86                                     Intention success
                mopbot>OnlinePlanning#83                           Starting sequential step (Charge ) Effect: full_battery,not zero_battery
                mopbot>Charge#87                                   Intention started
                mopbot MopBot                                      charging
0:18:00         Bob                                                moved from out to living_room
0:19:15         mopbot MopBot                                      charging completed
                mopbot                                             Belief changed: full_battery
                mopbot>Charge#87                                   Intention success
                mopbot>OnlinePlanning#83                           Intention success
                mopbot                                             Succesfully used intention OnlinePlanning to achieve goal ChargeGoal#46
1:00:00         house House                                        set random rooms dirty